<?xml version="1.0" encoding="UTF-8"?>
<!-- Generated by org.testng.reporters.JUnitReportReporter -->
<testsuite hostname="DESKTOP-BHFMFMF" failures="0" tests="2" name="com.extentiatvs.testrunner.TestRunner" time="121.494" errors="0" timestamp="2025-04-19T21:46:16 IST" skipped="0">
  <testcase classname="com.extentiatvs.testrunner.TestRunner" name="runScenario" time="60.747"/>
  <testcase classname="com.extentiatvs.testrunner.TestRunner" name="runScenario" time="60.747"/>
</testsuite> <!-- com.extentiatvs.testrunner.TestRunner -->
