<?xml version="1.0" encoding="UTF-8"?>
<!-- Generated by org.testng.reporters.JUnitReportReporter -->
<testsuite hostname="DESKTOP-BHFMFMF" failures="0" tests="2" name="com.extentiatvs.testrunner.TestRunner" time="94.712" errors="0" timestamp="2025-04-19T22:16:39 IST" skipped="0">
  <testcase classname="com.extentiatvs.testrunner.TestRunner" name="runScenario" time="47.356"/>
  <testcase classname="com.extentiatvs.testrunner.TestRunner" name="runScenario" time="47.356"/>
</testsuite> <!-- com.extentiatvs.testrunner.TestRunner -->
